<?xml version="1.0" encoding="UTF-8"?>
<testng-results ignored="0" total="1" passed="1" failed="0" skipped="0">
  <reporter-output>
  </reporter-output>
  <suite started-at="2022-08-18T06:35:41Z" name="Default suite" finished-at="2022-08-18T06:35:41Z" duration-ms="26">
    <groups>
    </groups>
    <test started-at="2022-08-18T06:35:41Z" name="Default test" finished-at="2022-08-18T06:35:41Z" duration-ms="26">
      <class name="com.qa.test1.testClass2">
        <test-method signature="login()[pri:0, instance:com.qa.test1.testClass2@63eef88a]" started-at="2022-08-18T06:35:41Z" name="login" finished-at="2022-08-18T06:35:41Z" duration-ms="7" status="PASS">
          <reporter-output>
          </reporter-output>
        </test-method> <!-- login -->
      </class> <!-- com.qa.test1.testClass2 -->
    </test> <!-- Default test -->
  </suite> <!-- Default suite -->
</testng-results>
